{
  "stats": {
    "suites": 6,
    "tests": 30,
    "passes": 30,
    "pending": 0,
    "failures": 0,
    "start": "2024-04-15T23:22:37.412Z",
    "end": "2024-04-15T23:23:05.992Z",
    "duration": 28580,
    "testsRegistered": 30,
    "passPercent": 100,
    "pendingPercent": 0,
    "other": 0,
    "hasOther": false,
    "skipped": 0,
    "hasSkipped": false
  },
  "results": [
    {
      "uuid": "cd2ee03f-261c-4eb6-86e4-1939a86502db",
      "title": "",
      "fullFile": "/Users/uyanik/Desktop/Automation Tutorial/Challenge/test/test.js",
      "file": "/test/test.js",
      "beforeHooks": [
        {
          "title": "\"before all\" hook in \"{root}\"",
          "fullTitle": "\"before all\" hook in \"{root}\"",
          "timedOut": false,
          "duration": 6945,
          "state": null,
          "speed": null,
          "pass": false,
          "fail": false,
          "pending": false,
          "context": null,
          "code": "driver = await remote(wdOpts);",
          "err": {},
          "uuid": "6ebad294-c930-43fe-b49e-8777b99679f0",
          "parentUUID": "cd2ee03f-261c-4eb6-86e4-1939a86502db",
          "isHook": true,
          "skipped": false
        }
      ],
      "afterHooks": [
        {
          "title": "\"after all\" hook in \"{root}\"",
          "fullTitle": "\"after all\" hook in \"{root}\"",
          "timedOut": false,
          "duration": 301,
          "state": null,
          "speed": null,
          "pass": false,
          "fail": false,
          "pending": false,
          "context": null,
          "code": "console.log('*** Test Completed ***');\ndriver.pause(3000);\nawait driver.deleteSession();",
          "err": {},
          "uuid": "85c40193-a4cd-4efe-aed7-9aa1c1f113f9",
          "parentUUID": "cd2ee03f-261c-4eb6-86e4-1939a86502db",
          "isHook": true,
          "skipped": false
        }
      ],
      "tests": [],
      "suites": [
        {
          "uuid": "6b95d18b-c98e-4809-8959-21d3f777d896",
          "title": "Calculator App Sanity Check",
          "fullFile": "/Users/uyanik/Desktop/Automation Tutorial/Challenge/test/test.js",
          "file": "/test/test.js",
          "beforeHooks": [],
          "afterHooks": [],
          "tests": [],
          "suites": [
            {
              "uuid": "16e78232-e2ca-46cc-bdfb-9aee9420cbda",
              "title": "Get Ready For Test",
              "fullFile": "/Users/uyanik/Desktop/Automation Tutorial/Challenge/test/test.js",
              "file": "/test/test.js",
              "beforeHooks": [],
              "afterHooks": [],
              "tests": [],
              "suites": [
                {
                  "uuid": "85f098a6-ea34-4570-a083-88bf444b833c",
                  "title": "Skip Question",
                  "fullFile": "/Users/uyanik/Desktop/Automation Tutorial/Challenge/test/test.js",
                  "file": "/test/test.js",
                  "beforeHooks": [],
                  "afterHooks": [],
                  "tests": [
                    {
                      "title": "should display continue button",
                      "fullTitle": "Calculator App Sanity Check Get Ready For Test Skip Question should display continue button",
                      "timedOut": false,
                      "duration": 1026,
                      "state": "passed",
                      "speed": "slow",
                      "pass": true,
                      "fail": false,
                      "pending": false,
                      "context": null,
                      "code": "const continueItem = await driver.$('//*[@text=\"Continue\"]');\nassert.equal(await continueItem.isDisplayed(), true, 'Continue button should exist');",
                      "err": {},
                      "uuid": "85714750-db29-4099-ace7-cc1bfe314ec2",
                      "parentUUID": "85f098a6-ea34-4570-a083-88bf444b833c",
                      "isHook": false,
                      "skipped": false
                    },
                    {
                      "title": "should click on continue button",
                      "fullTitle": "Calculator App Sanity Check Get Ready For Test Skip Question should click on continue button",
                      "timedOut": false,
                      "duration": 1407,
                      "state": "passed",
                      "speed": "slow",
                      "pass": true,
                      "fail": false,
                      "pending": false,
                      "context": null,
                      "code": "const continueItem = await driver.$('//*[@text=\"Continue\"]');\nawait continueItem.click();\nassert.equal(await continueItem.isDisplayed(), false, 'Continue button should not be displayed');",
                      "err": {},
                      "uuid": "7baac3db-182a-4db9-8912-f801b92aa510",
                      "parentUUID": "85f098a6-ea34-4570-a083-88bf444b833c",
                      "isHook": false,
                      "skipped": false
                    },
                    {
                      "title": "should display OK button",
                      "fullTitle": "Calculator App Sanity Check Get Ready For Test Skip Question should display OK button",
                      "timedOut": false,
                      "duration": 89,
                      "state": "passed",
                      "speed": "slow",
                      "pass": true,
                      "fail": false,
                      "pending": false,
                      "context": null,
                      "code": "const okItem = await driver.$('//*[@text=\"OK\"]');\nassert.equal(await okItem.isDisplayed(), true, 'OK button should exist');",
                      "err": {},
                      "uuid": "04db993b-feae-4d74-986b-b2097a293b2e",
                      "parentUUID": "85f098a6-ea34-4570-a083-88bf444b833c",
                      "isHook": false,
                      "skipped": false
                    },
                    {
                      "title": "should click on OK button",
                      "fullTitle": "Calculator App Sanity Check Get Ready For Test Skip Question should click on OK button",
                      "timedOut": false,
                      "duration": 1101,
                      "state": "passed",
                      "speed": "slow",
                      "pass": true,
                      "fail": false,
                      "pending": false,
                      "context": null,
                      "code": "const okItem = await driver.$('//*[@text=\"OK\"]');\nawait okItem.click();\nassert.equal(await okItem.isDisplayed(), false, 'OK button should not be displayed');",
                      "err": {},
                      "uuid": "5cc726fd-01b1-4321-9c30-c6b1fc4c8a67",
                      "parentUUID": "85f098a6-ea34-4570-a083-88bf444b833c",
                      "isHook": false,
                      "skipped": false
                    }
                  ],
                  "suites": [],
                  "passes": [
                    "85714750-db29-4099-ace7-cc1bfe314ec2",
                    "7baac3db-182a-4db9-8912-f801b92aa510",
                    "04db993b-feae-4d74-986b-b2097a293b2e",
                    "5cc726fd-01b1-4321-9c30-c6b1fc4c8a67"
                  ],
                  "failures": [],
                  "pending": [],
                  "skipped": [],
                  "duration": 3623,
                  "root": false,
                  "rootEmpty": false,
                  "_timeout": 15000
                }
              ],
              "passes": [],
              "failures": [],
              "pending": [],
              "skipped": [],
              "duration": 0,
              "root": false,
              "rootEmpty": false,
              "_timeout": 15000
            },
            {
              "uuid": "e4c56765-52e9-4222-ae8f-b06e9e9d857a",
              "title": "Check Buttons",
              "fullFile": "/Users/uyanik/Desktop/Automation Tutorial/Challenge/test/test.js",
              "file": "/test/test.js",
              "beforeHooks": [],
              "afterHooks": [],
              "tests": [],
              "suites": [
                {
                  "uuid": "637a68f4-a7bf-4a26-9b00-4b08fcf9111f",
                  "title": "Check All Numbers and Delete",
                  "fullFile": "/Users/uyanik/Desktop/Automation Tutorial/Challenge/test/test.js",
                  "file": "/test/test.js",
                  "beforeHooks": [],
                  "afterHooks": [],
                  "tests": [
                    {
                      "title": "should enter 0 to the display",
                      "fullTitle": "Calculator App Sanity Check Check Buttons Check All Numbers and Delete should enter 0 to the display",
                      "timedOut": false,
                      "duration": 669,
                      "state": "passed",
                      "speed": "slow",
                      "pass": true,
                      "fail": false,
                      "pending": false,
                      "context": null,
                      "code": "button = await driver.$(getButton('zero'));\nawait button.click();\nassert.equal(await (await driver.$(getDisplay())).getText(), '0', 'The display should show 0');",
                      "err": {},
                      "uuid": "1149eda9-8ba3-4f97-8033-93fa13d5af89",
                      "parentUUID": "637a68f4-a7bf-4a26-9b00-4b08fcf9111f",
                      "isHook": false,
                      "skipped": false
                    },
                    {
                      "title": "should delete the number from the display",
                      "fullTitle": "Calculator App Sanity Check Check Buttons Check All Numbers and Delete should delete the number from the display",
                      "timedOut": false,
                      "duration": 666,
                      "state": "passed",
                      "speed": "slow",
                      "pass": true,
                      "fail": false,
                      "pending": false,
                      "context": null,
                      "code": "button = await driver.$(getButton('delete'));\nawait button.click();\nassert.equal(await (await driver.$(getDisplay())).getText(), '', 'The display should be empty');",
                      "err": {},
                      "uuid": "a8b231a2-dad7-49fc-975d-8b0dd1b1d248",
                      "parentUUID": "637a68f4-a7bf-4a26-9b00-4b08fcf9111f",
                      "isHook": false,
                      "skipped": false
                    },
                    {
                      "title": "should enter 1 to the display",
                      "fullTitle": "Calculator App Sanity Check Check Buttons Check All Numbers and Delete should enter 1 to the display",
                      "timedOut": false,
                      "duration": 724,
                      "state": "passed",
                      "speed": "slow",
                      "pass": true,
                      "fail": false,
                      "pending": false,
                      "context": null,
                      "code": "button = await driver.$(getButton('one'));\nawait button.click();\nassert.equal(await (await driver.$(getDisplay())).getText(), '1', 'The display should show 1');",
                      "err": {},
                      "uuid": "bb0df076-b96a-42b6-965f-b2fb933bacd1",
                      "parentUUID": "637a68f4-a7bf-4a26-9b00-4b08fcf9111f",
                      "isHook": false,
                      "skipped": false
                    },
                    {
                      "title": "should delete the number from the display",
                      "fullTitle": "Calculator App Sanity Check Check Buttons Check All Numbers and Delete should delete the number from the display",
                      "timedOut": false,
                      "duration": 824,
                      "state": "passed",
                      "speed": "slow",
                      "pass": true,
                      "fail": false,
                      "pending": false,
                      "context": null,
                      "code": "button = await driver.$(getButton('delete'));\nawait button.click();\nassert.equal(await (await driver.$(getDisplay())).getText(), '', 'The display should be empty');",
                      "err": {},
                      "uuid": "5affb3d3-e0a5-4a15-a198-9e6a1d04adca",
                      "parentUUID": "637a68f4-a7bf-4a26-9b00-4b08fcf9111f",
                      "isHook": false,
                      "skipped": false
                    },
                    {
                      "title": "should enter 2 to the display",
                      "fullTitle": "Calculator App Sanity Check Check Buttons Check All Numbers and Delete should enter 2 to the display",
                      "timedOut": false,
                      "duration": 777,
                      "state": "passed",
                      "speed": "slow",
                      "pass": true,
                      "fail": false,
                      "pending": false,
                      "context": null,
                      "code": "button = await driver.$(getButton('two'));\nawait button.click();\nassert.equal(await (await driver.$(getDisplay())).getText(), '2', 'The display should show 2');",
                      "err": {},
                      "uuid": "69faf17e-7deb-49b9-8bd6-b2d5d5a66693",
                      "parentUUID": "637a68f4-a7bf-4a26-9b00-4b08fcf9111f",
                      "isHook": false,
                      "skipped": false
                    },
                    {
                      "title": "should delete the number from the display",
                      "fullTitle": "Calculator App Sanity Check Check Buttons Check All Numbers and Delete should delete the number from the display",
                      "timedOut": false,
                      "duration": 734,
                      "state": "passed",
                      "speed": "slow",
                      "pass": true,
                      "fail": false,
                      "pending": false,
                      "context": null,
                      "code": "button = await driver.$(getButton('delete'));\nawait button.click();\nassert.equal(await (await driver.$(getDisplay())).getText(), '', 'The display should be empty');",
                      "err": {},
                      "uuid": "2f8bd72e-1e85-4d89-bc89-2caf4646892e",
                      "parentUUID": "637a68f4-a7bf-4a26-9b00-4b08fcf9111f",
                      "isHook": false,
                      "skipped": false
                    },
                    {
                      "title": "should enter 3 to the display",
                      "fullTitle": "Calculator App Sanity Check Check Buttons Check All Numbers and Delete should enter 3 to the display",
                      "timedOut": false,
                      "duration": 658,
                      "state": "passed",
                      "speed": "slow",
                      "pass": true,
                      "fail": false,
                      "pending": false,
                      "context": null,
                      "code": "button = await driver.$(getButton('three'));\nawait button.click();\nassert.equal(await (await driver.$(getDisplay())).getText(), '3', 'The display should show 3');",
                      "err": {},
                      "uuid": "ae9e1c5c-c070-43ed-95f7-1a4ea232b256",
                      "parentUUID": "637a68f4-a7bf-4a26-9b00-4b08fcf9111f",
                      "isHook": false,
                      "skipped": false
                    },
                    {
                      "title": "should delete the number from the display",
                      "fullTitle": "Calculator App Sanity Check Check Buttons Check All Numbers and Delete should delete the number from the display",
                      "timedOut": false,
                      "duration": 687,
                      "state": "passed",
                      "speed": "slow",
                      "pass": true,
                      "fail": false,
                      "pending": false,
                      "context": null,
                      "code": "button = await driver.$(getButton('delete'));\nawait button.click();\nassert.equal(await (await driver.$(getDisplay())).getText(), '', 'The display should be empty');",
                      "err": {},
                      "uuid": "42369664-ec1f-49b2-8cca-3ea5df41f8ea",
                      "parentUUID": "637a68f4-a7bf-4a26-9b00-4b08fcf9111f",
                      "isHook": false,
                      "skipped": false
                    },
                    {
                      "title": "should enter 4 to the display",
                      "fullTitle": "Calculator App Sanity Check Check Buttons Check All Numbers and Delete should enter 4 to the display",
                      "timedOut": false,
                      "duration": 650,
                      "state": "passed",
                      "speed": "slow",
                      "pass": true,
                      "fail": false,
                      "pending": false,
                      "context": null,
                      "code": "button = await driver.$(getButton('four'));\nawait button.click();\nassert.equal(await (await driver.$(getDisplay())).getText(), '4', 'The display should show 4');",
                      "err": {},
                      "uuid": "45810cb5-5a84-4d69-80ec-e57e9c59bc45",
                      "parentUUID": "637a68f4-a7bf-4a26-9b00-4b08fcf9111f",
                      "isHook": false,
                      "skipped": false
                    },
                    {
                      "title": "should delete the number from the display",
                      "fullTitle": "Calculator App Sanity Check Check Buttons Check All Numbers and Delete should delete the number from the display",
                      "timedOut": false,
                      "duration": 646,
                      "state": "passed",
                      "speed": "slow",
                      "pass": true,
                      "fail": false,
                      "pending": false,
                      "context": null,
                      "code": "button = await driver.$(getButton('delete'));\nawait button.click();\nassert.equal(await (await driver.$(getDisplay())).getText(), '', 'The display should be empty');",
                      "err": {},
                      "uuid": "60dec756-bca5-48c1-93fe-903724851719",
                      "parentUUID": "637a68f4-a7bf-4a26-9b00-4b08fcf9111f",
                      "isHook": false,
                      "skipped": false
                    },
                    {
                      "title": "should enter 5 to the display",
                      "fullTitle": "Calculator App Sanity Check Check Buttons Check All Numbers and Delete should enter 5 to the display",
                      "timedOut": false,
                      "duration": 649,
                      "state": "passed",
                      "speed": "slow",
                      "pass": true,
                      "fail": false,
                      "pending": false,
                      "context": null,
                      "code": "button = await driver.$(getButton('five'));\nawait button.click();\n\n  assert.equal(await (await driver.$(getDisplay())).getText(), '5', 'The display should show 5');",
                      "err": {},
                      "uuid": "c2acbd7b-9b0d-4292-bb6a-793d88e4a09e",
                      "parentUUID": "637a68f4-a7bf-4a26-9b00-4b08fcf9111f",
                      "isHook": false,
                      "skipped": false
                    },
                    {
                      "title": "should delete the number from the display",
                      "fullTitle": "Calculator App Sanity Check Check Buttons Check All Numbers and Delete should delete the number from the display",
                      "timedOut": false,
                      "duration": 648,
                      "state": "passed",
                      "speed": "slow",
                      "pass": true,
                      "fail": false,
                      "pending": false,
                      "context": null,
                      "code": "button = await driver.$(getButton('delete'));\nawait button.click();\nassert.equal(await (await driver.$(getDisplay())).getText(), '', 'The display should be empty');",
                      "err": {},
                      "uuid": "6144a2ec-987d-4d54-bd04-b6e391201a1b",
                      "parentUUID": "637a68f4-a7bf-4a26-9b00-4b08fcf9111f",
                      "isHook": false,
                      "skipped": false
                    },
                    {
                      "title": "should enter 6 to the display",
                      "fullTitle": "Calculator App Sanity Check Check Buttons Check All Numbers and Delete should enter 6 to the display",
                      "timedOut": false,
                      "duration": 648,
                      "state": "passed",
                      "speed": "slow",
                      "pass": true,
                      "fail": false,
                      "pending": false,
                      "context": null,
                      "code": "button = await driver.$(getButton('six'));\nawait button.click();\nassert.equal(await (await driver.$(getDisplay())).getText(), '6', 'The display should show 6');",
                      "err": {},
                      "uuid": "2f3ccf3f-9707-453a-b134-093504a0f7da",
                      "parentUUID": "637a68f4-a7bf-4a26-9b00-4b08fcf9111f",
                      "isHook": false,
                      "skipped": false
                    },
                    {
                      "title": "should delete the number from the display",
                      "fullTitle": "Calculator App Sanity Check Check Buttons Check All Numbers and Delete should delete the number from the display",
                      "timedOut": false,
                      "duration": 649,
                      "state": "passed",
                      "speed": "slow",
                      "pass": true,
                      "fail": false,
                      "pending": false,
                      "context": null,
                      "code": "button = await driver.$(getButton('delete'));\nawait button.click();\nassert.equal(await (await driver.$(getDisplay())).getText(), '', 'The display should be empty');",
                      "err": {},
                      "uuid": "28503bb9-ce86-4b29-bc87-f476a7aa8ec7",
                      "parentUUID": "637a68f4-a7bf-4a26-9b00-4b08fcf9111f",
                      "isHook": false,
                      "skipped": false
                    },
                    {
                      "title": "should enter 7 to the display",
                      "fullTitle": "Calculator App Sanity Check Check Buttons Check All Numbers and Delete should enter 7 to the display",
                      "timedOut": false,
                      "duration": 650,
                      "state": "passed",
                      "speed": "slow",
                      "pass": true,
                      "fail": false,
                      "pending": false,
                      "context": null,
                      "code": "button = await driver.$(getButton('seven'));\nawait button.click();\n  \nassert.equal(await (await driver.$(getDisplay())).getText(), '7', 'The display should show 7');",
                      "err": {},
                      "uuid": "e6fb5222-32bd-479a-bd81-a92cb7e213e7",
                      "parentUUID": "637a68f4-a7bf-4a26-9b00-4b08fcf9111f",
                      "isHook": false,
                      "skipped": false
                    },
                    {
                      "title": "should delete the number from the display",
                      "fullTitle": "Calculator App Sanity Check Check Buttons Check All Numbers and Delete should delete the number from the display",
                      "timedOut": false,
                      "duration": 646,
                      "state": "passed",
                      "speed": "slow",
                      "pass": true,
                      "fail": false,
                      "pending": false,
                      "context": null,
                      "code": "button = await driver.$(getButton('delete'));\nawait button.click();\nassert.equal(await (await driver.$(getDisplay())).getText(), '', 'The display should be empty');",
                      "err": {},
                      "uuid": "19ed08dc-b00b-4adf-8a1d-28f5674e0f43",
                      "parentUUID": "637a68f4-a7bf-4a26-9b00-4b08fcf9111f",
                      "isHook": false,
                      "skipped": false
                    },
                    {
                      "title": "should enter 8 to the display",
                      "fullTitle": "Calculator App Sanity Check Check Buttons Check All Numbers and Delete should enter 8 to the display",
                      "timedOut": false,
                      "duration": 640,
                      "state": "passed",
                      "speed": "slow",
                      "pass": true,
                      "fail": false,
                      "pending": false,
                      "context": null,
                      "code": "button = await driver.$(getButton('eight'));\nawait button.click();\n  \nassert.equal(await (await driver.$(getDisplay())).getText(), '8', 'The display should show 8');",
                      "err": {},
                      "uuid": "42ff0a1f-a4a6-4371-836c-40c0d0888a4c",
                      "parentUUID": "637a68f4-a7bf-4a26-9b00-4b08fcf9111f",
                      "isHook": false,
                      "skipped": false
                    },
                    {
                      "title": "should delete the number from the display",
                      "fullTitle": "Calculator App Sanity Check Check Buttons Check All Numbers and Delete should delete the number from the display",
                      "timedOut": false,
                      "duration": 647,
                      "state": "passed",
                      "speed": "slow",
                      "pass": true,
                      "fail": false,
                      "pending": false,
                      "context": null,
                      "code": "button = await driver.$(getButton('delete'));\nawait button.click();\nassert.equal(await (await driver.$(getDisplay())).getText(), '', 'The display should be empty');",
                      "err": {},
                      "uuid": "8670250f-f54e-4370-b762-44fa142a264b",
                      "parentUUID": "637a68f4-a7bf-4a26-9b00-4b08fcf9111f",
                      "isHook": false,
                      "skipped": false
                    },
                    {
                      "title": "should enter 9 to the display",
                      "fullTitle": "Calculator App Sanity Check Check Buttons Check All Numbers and Delete should enter 9 to the display",
                      "timedOut": false,
                      "duration": 949,
                      "state": "passed",
                      "speed": "slow",
                      "pass": true,
                      "fail": false,
                      "pending": false,
                      "context": null,
                      "code": "button = await driver.$(getButton('nine'));\nawait button.click();\n  \nassert.equal(await (await driver.$(getDisplay())).getText(), '9', 'The display should show 9');",
                      "err": {},
                      "uuid": "eca86f38-a55b-42a1-a04a-667ef92a10eb",
                      "parentUUID": "637a68f4-a7bf-4a26-9b00-4b08fcf9111f",
                      "isHook": false,
                      "skipped": false
                    },
                    {
                      "title": "should delete the number from the display",
                      "fullTitle": "Calculator App Sanity Check Check Buttons Check All Numbers and Delete should delete the number from the display",
                      "timedOut": false,
                      "duration": 649,
                      "state": "passed",
                      "speed": "slow",
                      "pass": true,
                      "fail": false,
                      "pending": false,
                      "context": null,
                      "code": "button = await driver.$(getButton('delete'));\nawait button.click();\nassert.equal(await (await driver.$(getDisplay())).getText(), '', 'The display should be empty');",
                      "err": {},
                      "uuid": "699b1bd1-956f-438e-b986-07394a1b9893",
                      "parentUUID": "637a68f4-a7bf-4a26-9b00-4b08fcf9111f",
                      "isHook": false,
                      "skipped": false
                    }
                  ],
                  "suites": [],
                  "passes": [
                    "1149eda9-8ba3-4f97-8033-93fa13d5af89",
                    "a8b231a2-dad7-49fc-975d-8b0dd1b1d248",
                    "bb0df076-b96a-42b6-965f-b2fb933bacd1",
                    "5affb3d3-e0a5-4a15-a198-9e6a1d04adca",
                    "69faf17e-7deb-49b9-8bd6-b2d5d5a66693",
                    "2f8bd72e-1e85-4d89-bc89-2caf4646892e",
                    "ae9e1c5c-c070-43ed-95f7-1a4ea232b256",
                    "42369664-ec1f-49b2-8cca-3ea5df41f8ea",
                    "45810cb5-5a84-4d69-80ec-e57e9c59bc45",
                    "60dec756-bca5-48c1-93fe-903724851719",
                    "c2acbd7b-9b0d-4292-bb6a-793d88e4a09e",
                    "6144a2ec-987d-4d54-bd04-b6e391201a1b",
                    "2f3ccf3f-9707-453a-b134-093504a0f7da",
                    "28503bb9-ce86-4b29-bc87-f476a7aa8ec7",
                    "e6fb5222-32bd-479a-bd81-a92cb7e213e7",
                    "19ed08dc-b00b-4adf-8a1d-28f5674e0f43",
                    "42ff0a1f-a4a6-4371-836c-40c0d0888a4c",
                    "8670250f-f54e-4370-b762-44fa142a264b",
                    "eca86f38-a55b-42a1-a04a-667ef92a10eb",
                    "699b1bd1-956f-438e-b986-07394a1b9893"
                  ],
                  "failures": [],
                  "pending": [],
                  "skipped": [],
                  "duration": 13810,
                  "root": false,
                  "rootEmpty": false,
                  "_timeout": 15000
                },
                {
                  "uuid": "f6414930-1924-45e5-b194-359efbab39da",
                  "title": "Check All Function Buttons",
                  "fullFile": "/Users/uyanik/Desktop/Automation Tutorial/Challenge/test/test.js",
                  "file": "/test/test.js",
                  "beforeHooks": [],
                  "afterHooks": [],
                  "tests": [
                    {
                      "title": "should enter 1 to the display",
                      "fullTitle": "Calculator App Sanity Check Check Buttons Check All Function Buttons should enter 1 to the display",
                      "timedOut": false,
                      "duration": 655,
                      "state": "passed",
                      "speed": "slow",
                      "pass": true,
                      "fail": false,
                      "pending": false,
                      "context": null,
                      "code": "button = await driver.$(getButton('one'));\nawait button.click();\nassert.equal(await (await driver.$(getDisplay())).getText(), '1', 'The display should show 1');",
                      "err": {},
                      "uuid": "9b722da0-8478-445e-8655-0f3df78e44cd",
                      "parentUUID": "f6414930-1924-45e5-b194-359efbab39da",
                      "isHook": false,
                      "skipped": false
                    },
                    {
                      "title": "should enter + to the display",
                      "fullTitle": "Calculator App Sanity Check Check Buttons Check All Function Buttons should enter + to the display",
                      "timedOut": false,
                      "duration": 644,
                      "state": "passed",
                      "speed": "slow",
                      "pass": true,
                      "fail": false,
                      "pending": false,
                      "context": null,
                      "code": "button = await driver.$(getButton('add'));\nawait button.click();\n  \nassert.equal(await (await driver.$(getDisplay())).getText(), '1plus', 'The display should show +');",
                      "err": {},
                      "uuid": "edd871c7-bb35-4382-b33d-9571bc79a8eb",
                      "parentUUID": "f6414930-1924-45e5-b194-359efbab39da",
                      "isHook": false,
                      "skipped": false
                    },
                    {
                      "title": "should enter - to the display",
                      "fullTitle": "Calculator App Sanity Check Check Buttons Check All Function Buttons should enter - to the display",
                      "timedOut": false,
                      "duration": 634,
                      "state": "passed",
                      "speed": "slow",
                      "pass": true,
                      "fail": false,
                      "pending": false,
                      "context": null,
                      "code": "button = await driver.$(getButton('subtract'));\nawait button.click();\n  \nassert.equal(await (await driver.$(getDisplay())).getText(), '1minus', 'The display should show -');",
                      "err": {},
                      "uuid": "cdee3f30-409b-4b1f-aa52-17cada1a562e",
                      "parentUUID": "f6414930-1924-45e5-b194-359efbab39da",
                      "isHook": false,
                      "skipped": false
                    },
                    {
                      "title": "should enter * to the display",
                      "fullTitle": "Calculator App Sanity Check Check Buttons Check All Function Buttons should enter * to the display",
                      "timedOut": false,
                      "duration": 650,
                      "state": "passed",
                      "speed": "slow",
                      "pass": true,
                      "fail": false,
                      "pending": false,
                      "context": null,
                      "code": "button = await driver.$(getButton('multiply'));\nawait button.click();\n  \nassert.equal(await (await driver.$(getDisplay())).getText(), '1multiplied by', 'The display should show *');",
                      "err": {},
                      "uuid": "a62e7d90-5dba-4cf6-8e7b-1ca751d4a286",
                      "parentUUID": "f6414930-1924-45e5-b194-359efbab39da",
                      "isHook": false,
                      "skipped": false
                    },
                    {
                      "title": "should enter / to the display",
                      "fullTitle": "Calculator App Sanity Check Check Buttons Check All Function Buttons should enter / to the display",
                      "timedOut": false,
                      "duration": 649,
                      "state": "passed",
                      "speed": "slow",
                      "pass": true,
                      "fail": false,
                      "pending": false,
                      "context": null,
                      "code": "button = await driver.$(getButton('divide'));\nawait button.click();\n  \nassert.equal(await (await driver.$(getDisplay())).getText(), '1divided by', 'The display should show /');",
                      "err": {},
                      "uuid": "69803ac1-d11f-46bd-8027-24ae75a2bd36",
                      "parentUUID": "f6414930-1924-45e5-b194-359efbab39da",
                      "isHook": false,
                      "skipped": false
                    },
                    {
                      "title": "should enter . to the display",
                      "fullTitle": "Calculator App Sanity Check Check Buttons Check All Function Buttons should enter . to the display",
                      "timedOut": false,
                      "duration": 651,
                      "state": "passed",
                      "speed": "slow",
                      "pass": true,
                      "fail": false,
                      "pending": false,
                      "context": null,
                      "code": "button = await driver.$(getButton('dot'));\nawait button.click();\nlet result = await (await driver.$(getDisplay())).getText();\n// Normalize the result to replace the non-breaking space with a regular space\nlet normalizedResult = result.replace(/\\u00A0/gi, \"\\u0020\");\nassert.equal(normalizedResult, '1divided by point ', 'The display should show 1/.');",
                      "err": {},
                      "uuid": "c745286f-0b3f-4216-9960-c302778a2d08",
                      "parentUUID": "f6414930-1924-45e5-b194-359efbab39da",
                      "isHook": false,
                      "skipped": false
                    }
                  ],
                  "suites": [],
                  "passes": [
                    "9b722da0-8478-445e-8655-0f3df78e44cd",
                    "edd871c7-bb35-4382-b33d-9571bc79a8eb",
                    "cdee3f30-409b-4b1f-aa52-17cada1a562e",
                    "a62e7d90-5dba-4cf6-8e7b-1ca751d4a286",
                    "69803ac1-d11f-46bd-8027-24ae75a2bd36",
                    "c745286f-0b3f-4216-9960-c302778a2d08"
                  ],
                  "failures": [],
                  "pending": [],
                  "skipped": [],
                  "duration": 3883,
                  "root": false,
                  "rootEmpty": false,
                  "_timeout": 15000
                }
              ],
              "passes": [],
              "failures": [],
              "pending": [],
              "skipped": [],
              "duration": 0,
              "root": false,
              "rootEmpty": false,
              "_timeout": 15000
            }
          ],
          "passes": [],
          "failures": [],
          "pending": [],
          "skipped": [],
          "duration": 0,
          "root": false,
          "rootEmpty": false,
          "_timeout": 15000
        }
      ],
      "passes": [],
      "failures": [],
      "pending": [],
      "skipped": [],
      "duration": 0,
      "root": true,
      "rootEmpty": true,
      "_timeout": 15000
    }
  ],
  "meta": {
    "mocha": {
      "version": "10.4.0"
    },
    "mochawesome": {
      "options": {
        "quiet": false,
        "reportFilename": "mochawesome",
        "saveHtml": true,
        "saveJson": true,
        "consoleReporter": "spec",
        "useInlineDiffs": false,
        "code": true
      },
      "version": "7.1.3"
    },
    "marge": {
      "options": null,
      "version": "6.2.0"
    }
  }
}