{
  "stats": {
    "suites": 6,
    "tests": 30,
    "passes": 30,
    "pending": 0,
    "failures": 0,
    "start": "2024-04-16T07:52:00.870Z",
    "end": "2024-04-16T07:52:28.742Z",
    "duration": 27872,
    "testsRegistered": 30,
    "passPercent": 100,
    "pendingPercent": 0,
    "other": 0,
    "hasOther": false,
    "skipped": 0,
    "hasSkipped": false
  },
  "results": [
    {
      "uuid": "3250c220-10ef-46ee-bf7d-5f0b67e5ccaa",
      "title": "",
      "fullFile": "/Users/uyanik/Desktop/Test Automation Learning/test-automation-learning/Challenge/test/test.js",
      "file": "/test/test.js",
      "beforeHooks": [
        {
          "title": "\"before all\" hook in \"{root}\"",
          "fullTitle": "\"before all\" hook in \"{root}\"",
          "timedOut": false,
          "duration": 6659,
          "state": null,
          "speed": null,
          "pass": false,
          "fail": false,
          "pending": false,
          "context": null,
          "code": "driver = await remote(wdOpts);",
          "err": {},
          "uuid": "62ebd147-f14f-4f70-937b-a711157050c3",
          "parentUUID": "3250c220-10ef-46ee-bf7d-5f0b67e5ccaa",
          "isHook": true,
          "skipped": false
        }
      ],
      "afterHooks": [
        {
          "title": "\"after all\" hook in \"{root}\"",
          "fullTitle": "\"after all\" hook in \"{root}\"",
          "timedOut": false,
          "duration": 327,
          "state": null,
          "speed": null,
          "pass": false,
          "fail": false,
          "pending": false,
          "context": null,
          "code": "console.log('*** Test Completed ***');\ndriver.pause(3000);\nawait driver.deleteSession();",
          "err": {},
          "uuid": "a1dc6843-aebb-420f-aaf7-b1a145282ea6",
          "parentUUID": "3250c220-10ef-46ee-bf7d-5f0b67e5ccaa",
          "isHook": true,
          "skipped": false
        }
      ],
      "tests": [],
      "suites": [
        {
          "uuid": "aa9d9c62-b901-47ca-a524-d28dd1c8c313",
          "title": "Calculator App Sanity Check",
          "fullFile": "/Users/uyanik/Desktop/Test Automation Learning/test-automation-learning/Challenge/test/test.js",
          "file": "/test/test.js",
          "beforeHooks": [],
          "afterHooks": [],
          "tests": [],
          "suites": [
            {
              "uuid": "c1346334-7396-440c-95f5-92275b1ddb7c",
              "title": "Get Ready For Test",
              "fullFile": "/Users/uyanik/Desktop/Test Automation Learning/test-automation-learning/Challenge/test/test.js",
              "file": "/test/test.js",
              "beforeHooks": [],
              "afterHooks": [],
              "tests": [],
              "suites": [
                {
                  "uuid": "2c5f1002-f1e1-4b9b-8bb1-450801ce5fb7",
                  "title": "Skip Question",
                  "fullFile": "/Users/uyanik/Desktop/Test Automation Learning/test-automation-learning/Challenge/test/test.js",
                  "file": "/test/test.js",
                  "beforeHooks": [],
                  "afterHooks": [],
                  "tests": [
                    {
                      "title": "should display continue button",
                      "fullTitle": "Calculator App Sanity Check Get Ready For Test Skip Question should display continue button",
                      "timedOut": false,
                      "duration": 1767,
                      "state": "passed",
                      "speed": "slow",
                      "pass": true,
                      "fail": false,
                      "pending": false,
                      "context": null,
                      "code": "const continueItem = await driver.$('//*[@text=\"Continue\"]');\nassert.equal(await continueItem.isDisplayed(), true, 'Continue button should exist');",
                      "err": {},
                      "uuid": "b2e50b2e-2cca-4962-9dba-e0c59ab37190",
                      "parentUUID": "2c5f1002-f1e1-4b9b-8bb1-450801ce5fb7",
                      "isHook": false,
                      "skipped": false
                    },
                    {
                      "title": "should click on continue button",
                      "fullTitle": "Calculator App Sanity Check Get Ready For Test Skip Question should click on continue button",
                      "timedOut": false,
                      "duration": 1396,
                      "state": "passed",
                      "speed": "slow",
                      "pass": true,
                      "fail": false,
                      "pending": false,
                      "context": null,
                      "code": "const continueItem = await driver.$('//*[@text=\"Continue\"]');\nawait continueItem.click();\nassert.equal(await continueItem.isDisplayed(), false, 'Continue button should not be displayed');",
                      "err": {},
                      "uuid": "f8626b1c-ab24-426e-b548-5d49205c026c",
                      "parentUUID": "2c5f1002-f1e1-4b9b-8bb1-450801ce5fb7",
                      "isHook": false,
                      "skipped": false
                    },
                    {
                      "title": "should display OK button",
                      "fullTitle": "Calculator App Sanity Check Get Ready For Test Skip Question should display OK button",
                      "timedOut": false,
                      "duration": 75,
                      "state": "passed",
                      "speed": "medium",
                      "pass": true,
                      "fail": false,
                      "pending": false,
                      "context": null,
                      "code": "const okItem = await driver.$('//*[@text=\"OK\"]');\nassert.equal(await okItem.isDisplayed(), true, 'OK button should exist');",
                      "err": {},
                      "uuid": "5f0dc682-f0ef-4df9-9d87-950cf69cba15",
                      "parentUUID": "2c5f1002-f1e1-4b9b-8bb1-450801ce5fb7",
                      "isHook": false,
                      "skipped": false
                    },
                    {
                      "title": "should click on OK button",
                      "fullTitle": "Calculator App Sanity Check Get Ready For Test Skip Question should click on OK button",
                      "timedOut": false,
                      "duration": 990,
                      "state": "passed",
                      "speed": "slow",
                      "pass": true,
                      "fail": false,
                      "pending": false,
                      "context": null,
                      "code": "const okItem = await driver.$('//*[@text=\"OK\"]');\nawait okItem.click();\nassert.equal(await okItem.isDisplayed(), false, 'OK button should not be displayed');",
                      "err": {},
                      "uuid": "c8549d4c-4a7e-4220-ae9b-dd46545260cf",
                      "parentUUID": "2c5f1002-f1e1-4b9b-8bb1-450801ce5fb7",
                      "isHook": false,
                      "skipped": false
                    }
                  ],
                  "suites": [],
                  "passes": [
                    "b2e50b2e-2cca-4962-9dba-e0c59ab37190",
                    "f8626b1c-ab24-426e-b548-5d49205c026c",
                    "5f0dc682-f0ef-4df9-9d87-950cf69cba15",
                    "c8549d4c-4a7e-4220-ae9b-dd46545260cf"
                  ],
                  "failures": [],
                  "pending": [],
                  "skipped": [],
                  "duration": 4228,
                  "root": false,
                  "rootEmpty": false,
                  "_timeout": 15000
                }
              ],
              "passes": [],
              "failures": [],
              "pending": [],
              "skipped": [],
              "duration": 0,
              "root": false,
              "rootEmpty": false,
              "_timeout": 15000
            },
            {
              "uuid": "f59d35d9-43a1-46bf-a1ee-46db94dfc7da",
              "title": "Check Buttons",
              "fullFile": "/Users/uyanik/Desktop/Test Automation Learning/test-automation-learning/Challenge/test/test.js",
              "file": "/test/test.js",
              "beforeHooks": [],
              "afterHooks": [],
              "tests": [],
              "suites": [
                {
                  "uuid": "ae38137e-46b3-4f67-b48a-2160e4257126",
                  "title": "Check All Numbers and Delete",
                  "fullFile": "/Users/uyanik/Desktop/Test Automation Learning/test-automation-learning/Challenge/test/test.js",
                  "file": "/test/test.js",
                  "beforeHooks": [],
                  "afterHooks": [],
                  "tests": [
                    {
                      "title": "should enter 0 to the display",
                      "fullTitle": "Calculator App Sanity Check Check Buttons Check All Numbers and Delete should enter 0 to the display",
                      "timedOut": false,
                      "duration": 670,
                      "state": "passed",
                      "speed": "slow",
                      "pass": true,
                      "fail": false,
                      "pending": false,
                      "context": null,
                      "code": "button = await driver.$(getButton('zero'));\nawait button.click();\nassert.equal(await (await driver.$(getDisplay())).getText(), '0', 'The display should show 0');",
                      "err": {},
                      "uuid": "6072757e-e48e-4fe6-9b12-9808bfd16c9f",
                      "parentUUID": "ae38137e-46b3-4f67-b48a-2160e4257126",
                      "isHook": false,
                      "skipped": false
                    },
                    {
                      "title": "should delete the number from the display",
                      "fullTitle": "Calculator App Sanity Check Check Buttons Check All Numbers and Delete should delete the number from the display",
                      "timedOut": false,
                      "duration": 647,
                      "state": "passed",
                      "speed": "slow",
                      "pass": true,
                      "fail": false,
                      "pending": false,
                      "context": null,
                      "code": "button = await driver.$(getButton('delete'));\nawait button.click();\nassert.equal(await (await driver.$(getDisplay())).getText(), '', 'The display should be empty');",
                      "err": {},
                      "uuid": "91ff3fbd-c8d4-4c11-87a3-5bed2d24ea1d",
                      "parentUUID": "ae38137e-46b3-4f67-b48a-2160e4257126",
                      "isHook": false,
                      "skipped": false
                    },
                    {
                      "title": "should enter 1 to the display",
                      "fullTitle": "Calculator App Sanity Check Check Buttons Check All Numbers and Delete should enter 1 to the display",
                      "timedOut": false,
                      "duration": 636,
                      "state": "passed",
                      "speed": "slow",
                      "pass": true,
                      "fail": false,
                      "pending": false,
                      "context": null,
                      "code": "button = await driver.$(getButton('one'));\nawait button.click();\nassert.equal(await (await driver.$(getDisplay())).getText(), '1', 'The display should show 1');",
                      "err": {},
                      "uuid": "812b084b-3aff-4d21-8dc5-09dd2da7ac92",
                      "parentUUID": "ae38137e-46b3-4f67-b48a-2160e4257126",
                      "isHook": false,
                      "skipped": false
                    },
                    {
                      "title": "should delete the number from the display",
                      "fullTitle": "Calculator App Sanity Check Check Buttons Check All Numbers and Delete should delete the number from the display",
                      "timedOut": false,
                      "duration": 649,
                      "state": "passed",
                      "speed": "slow",
                      "pass": true,
                      "fail": false,
                      "pending": false,
                      "context": null,
                      "code": "button = await driver.$(getButton('delete'));\nawait button.click();\nassert.equal(await (await driver.$(getDisplay())).getText(), '', 'The display should be empty');",
                      "err": {},
                      "uuid": "ed2f68bf-2ed5-4340-86a8-1cfdba9883cc",
                      "parentUUID": "ae38137e-46b3-4f67-b48a-2160e4257126",
                      "isHook": false,
                      "skipped": false
                    },
                    {
                      "title": "should enter 2 to the display",
                      "fullTitle": "Calculator App Sanity Check Check Buttons Check All Numbers and Delete should enter 2 to the display",
                      "timedOut": false,
                      "duration": 670,
                      "state": "passed",
                      "speed": "slow",
                      "pass": true,
                      "fail": false,
                      "pending": false,
                      "context": null,
                      "code": "button = await driver.$(getButton('two'));\nawait button.click();\nassert.equal(await (await driver.$(getDisplay())).getText(), '2', 'The display should show 2');",
                      "err": {},
                      "uuid": "72526243-086f-4487-833f-85dba9d31b72",
                      "parentUUID": "ae38137e-46b3-4f67-b48a-2160e4257126",
                      "isHook": false,
                      "skipped": false
                    },
                    {
                      "title": "should delete the number from the display",
                      "fullTitle": "Calculator App Sanity Check Check Buttons Check All Numbers and Delete should delete the number from the display",
                      "timedOut": false,
                      "duration": 637,
                      "state": "passed",
                      "speed": "slow",
                      "pass": true,
                      "fail": false,
                      "pending": false,
                      "context": null,
                      "code": "button = await driver.$(getButton('delete'));\nawait button.click();\nassert.equal(await (await driver.$(getDisplay())).getText(), '', 'The display should be empty');",
                      "err": {},
                      "uuid": "523b6f35-8bb0-4ad3-8da8-a8e1f2301706",
                      "parentUUID": "ae38137e-46b3-4f67-b48a-2160e4257126",
                      "isHook": false,
                      "skipped": false
                    },
                    {
                      "title": "should enter 3 to the display",
                      "fullTitle": "Calculator App Sanity Check Check Buttons Check All Numbers and Delete should enter 3 to the display",
                      "timedOut": false,
                      "duration": 645,
                      "state": "passed",
                      "speed": "slow",
                      "pass": true,
                      "fail": false,
                      "pending": false,
                      "context": null,
                      "code": "button = await driver.$(getButton('three'));\nawait button.click();\nassert.equal(await (await driver.$(getDisplay())).getText(), '3', 'The display should show 3');",
                      "err": {},
                      "uuid": "6f9a6b27-4915-48e5-9421-f9ee380b300d",
                      "parentUUID": "ae38137e-46b3-4f67-b48a-2160e4257126",
                      "isHook": false,
                      "skipped": false
                    },
                    {
                      "title": "should delete the number from the display",
                      "fullTitle": "Calculator App Sanity Check Check Buttons Check All Numbers and Delete should delete the number from the display",
                      "timedOut": false,
                      "duration": 649,
                      "state": "passed",
                      "speed": "slow",
                      "pass": true,
                      "fail": false,
                      "pending": false,
                      "context": null,
                      "code": "button = await driver.$(getButton('delete'));\nawait button.click();\nassert.equal(await (await driver.$(getDisplay())).getText(), '', 'The display should be empty');",
                      "err": {},
                      "uuid": "7d6d63b6-13ad-4874-99db-31462e537999",
                      "parentUUID": "ae38137e-46b3-4f67-b48a-2160e4257126",
                      "isHook": false,
                      "skipped": false
                    },
                    {
                      "title": "should enter 4 to the display",
                      "fullTitle": "Calculator App Sanity Check Check Buttons Check All Numbers and Delete should enter 4 to the display",
                      "timedOut": false,
                      "duration": 677,
                      "state": "passed",
                      "speed": "slow",
                      "pass": true,
                      "fail": false,
                      "pending": false,
                      "context": null,
                      "code": "button = await driver.$(getButton('four'));\nawait button.click();\nassert.equal(await (await driver.$(getDisplay())).getText(), '4', 'The display should show 4');",
                      "err": {},
                      "uuid": "ec54d780-d61b-4082-9566-407b75c6eaab",
                      "parentUUID": "ae38137e-46b3-4f67-b48a-2160e4257126",
                      "isHook": false,
                      "skipped": false
                    },
                    {
                      "title": "should delete the number from the display",
                      "fullTitle": "Calculator App Sanity Check Check Buttons Check All Numbers and Delete should delete the number from the display",
                      "timedOut": false,
                      "duration": 636,
                      "state": "passed",
                      "speed": "slow",
                      "pass": true,
                      "fail": false,
                      "pending": false,
                      "context": null,
                      "code": "button = await driver.$(getButton('delete'));\nawait button.click();\nassert.equal(await (await driver.$(getDisplay())).getText(), '', 'The display should be empty');",
                      "err": {},
                      "uuid": "7188e68a-d30a-4b12-97f4-5f8f97312b46",
                      "parentUUID": "ae38137e-46b3-4f67-b48a-2160e4257126",
                      "isHook": false,
                      "skipped": false
                    },
                    {
                      "title": "should enter 5 to the display",
                      "fullTitle": "Calculator App Sanity Check Check Buttons Check All Numbers and Delete should enter 5 to the display",
                      "timedOut": false,
                      "duration": 634,
                      "state": "passed",
                      "speed": "slow",
                      "pass": true,
                      "fail": false,
                      "pending": false,
                      "context": null,
                      "code": "button = await driver.$(getButton('five'));\nawait button.click();\n\n  assert.equal(await (await driver.$(getDisplay())).getText(), '5', 'The display should show 5');",
                      "err": {},
                      "uuid": "6bb76d6a-eec7-4625-b9ac-84517011e8f7",
                      "parentUUID": "ae38137e-46b3-4f67-b48a-2160e4257126",
                      "isHook": false,
                      "skipped": false
                    },
                    {
                      "title": "should delete the number from the display",
                      "fullTitle": "Calculator App Sanity Check Check Buttons Check All Numbers and Delete should delete the number from the display",
                      "timedOut": false,
                      "duration": 632,
                      "state": "passed",
                      "speed": "slow",
                      "pass": true,
                      "fail": false,
                      "pending": false,
                      "context": null,
                      "code": "button = await driver.$(getButton('delete'));\nawait button.click();\nassert.equal(await (await driver.$(getDisplay())).getText(), '', 'The display should be empty');",
                      "err": {},
                      "uuid": "bee3f1c0-97ac-4b33-8bcf-43f966954b1c",
                      "parentUUID": "ae38137e-46b3-4f67-b48a-2160e4257126",
                      "isHook": false,
                      "skipped": false
                    },
                    {
                      "title": "should enter 6 to the display",
                      "fullTitle": "Calculator App Sanity Check Check Buttons Check All Numbers and Delete should enter 6 to the display",
                      "timedOut": false,
                      "duration": 651,
                      "state": "passed",
                      "speed": "slow",
                      "pass": true,
                      "fail": false,
                      "pending": false,
                      "context": null,
                      "code": "button = await driver.$(getButton('six'));\nawait button.click();\nassert.equal(await (await driver.$(getDisplay())).getText(), '6', 'The display should show 6');",
                      "err": {},
                      "uuid": "63d2bd91-c7ce-42fc-9935-c4e11b9768ce",
                      "parentUUID": "ae38137e-46b3-4f67-b48a-2160e4257126",
                      "isHook": false,
                      "skipped": false
                    },
                    {
                      "title": "should delete the number from the display",
                      "fullTitle": "Calculator App Sanity Check Check Buttons Check All Numbers and Delete should delete the number from the display",
                      "timedOut": false,
                      "duration": 647,
                      "state": "passed",
                      "speed": "slow",
                      "pass": true,
                      "fail": false,
                      "pending": false,
                      "context": null,
                      "code": "button = await driver.$(getButton('delete'));\nawait button.click();\nassert.equal(await (await driver.$(getDisplay())).getText(), '', 'The display should be empty');",
                      "err": {},
                      "uuid": "5c8ae3b2-6e0c-4cae-889d-aa8de0d07f00",
                      "parentUUID": "ae38137e-46b3-4f67-b48a-2160e4257126",
                      "isHook": false,
                      "skipped": false
                    },
                    {
                      "title": "should enter 7 to the display",
                      "fullTitle": "Calculator App Sanity Check Check Buttons Check All Numbers and Delete should enter 7 to the display",
                      "timedOut": false,
                      "duration": 654,
                      "state": "passed",
                      "speed": "slow",
                      "pass": true,
                      "fail": false,
                      "pending": false,
                      "context": null,
                      "code": "button = await driver.$(getButton('seven'));\nawait button.click();\n  \nassert.equal(await (await driver.$(getDisplay())).getText(), '7', 'The display should show 7');",
                      "err": {},
                      "uuid": "cbfdd260-1f9c-40b6-85d7-e3424c905def",
                      "parentUUID": "ae38137e-46b3-4f67-b48a-2160e4257126",
                      "isHook": false,
                      "skipped": false
                    },
                    {
                      "title": "should delete the number from the display",
                      "fullTitle": "Calculator App Sanity Check Check Buttons Check All Numbers and Delete should delete the number from the display",
                      "timedOut": false,
                      "duration": 627,
                      "state": "passed",
                      "speed": "slow",
                      "pass": true,
                      "fail": false,
                      "pending": false,
                      "context": null,
                      "code": "button = await driver.$(getButton('delete'));\nawait button.click();\nassert.equal(await (await driver.$(getDisplay())).getText(), '', 'The display should be empty');",
                      "err": {},
                      "uuid": "5430ef5c-a9d1-47e7-abb5-450106e1c95d",
                      "parentUUID": "ae38137e-46b3-4f67-b48a-2160e4257126",
                      "isHook": false,
                      "skipped": false
                    },
                    {
                      "title": "should enter 8 to the display",
                      "fullTitle": "Calculator App Sanity Check Check Buttons Check All Numbers and Delete should enter 8 to the display",
                      "timedOut": false,
                      "duration": 637,
                      "state": "passed",
                      "speed": "slow",
                      "pass": true,
                      "fail": false,
                      "pending": false,
                      "context": null,
                      "code": "button = await driver.$(getButton('eight'));\nawait button.click();\n  \nassert.equal(await (await driver.$(getDisplay())).getText(), '8', 'The display should show 8');",
                      "err": {},
                      "uuid": "187f27b0-da01-4cef-bcef-204cd6de9bbc",
                      "parentUUID": "ae38137e-46b3-4f67-b48a-2160e4257126",
                      "isHook": false,
                      "skipped": false
                    },
                    {
                      "title": "should delete the number from the display",
                      "fullTitle": "Calculator App Sanity Check Check Buttons Check All Numbers and Delete should delete the number from the display",
                      "timedOut": false,
                      "duration": 630,
                      "state": "passed",
                      "speed": "slow",
                      "pass": true,
                      "fail": false,
                      "pending": false,
                      "context": null,
                      "code": "button = await driver.$(getButton('delete'));\nawait button.click();\nassert.equal(await (await driver.$(getDisplay())).getText(), '', 'The display should be empty');",
                      "err": {},
                      "uuid": "2348ba41-4669-4b69-ad77-c6085987177e",
                      "parentUUID": "ae38137e-46b3-4f67-b48a-2160e4257126",
                      "isHook": false,
                      "skipped": false
                    },
                    {
                      "title": "should enter 9 to the display",
                      "fullTitle": "Calculator App Sanity Check Check Buttons Check All Numbers and Delete should enter 9 to the display",
                      "timedOut": false,
                      "duration": 628,
                      "state": "passed",
                      "speed": "slow",
                      "pass": true,
                      "fail": false,
                      "pending": false,
                      "context": null,
                      "code": "button = await driver.$(getButton('nine'));\nawait button.click();\n  \nassert.equal(await (await driver.$(getDisplay())).getText(), '9', 'The display should show 9');",
                      "err": {},
                      "uuid": "957ebca6-5319-4bfd-81e3-cc2d514b4f0a",
                      "parentUUID": "ae38137e-46b3-4f67-b48a-2160e4257126",
                      "isHook": false,
                      "skipped": false
                    },
                    {
                      "title": "should delete the number from the display",
                      "fullTitle": "Calculator App Sanity Check Check Buttons Check All Numbers and Delete should delete the number from the display",
                      "timedOut": false,
                      "duration": 620,
                      "state": "passed",
                      "speed": "slow",
                      "pass": true,
                      "fail": false,
                      "pending": false,
                      "context": null,
                      "code": "button = await driver.$(getButton('delete'));\nawait button.click();\nassert.equal(await (await driver.$(getDisplay())).getText(), '', 'The display should be empty');",
                      "err": {},
                      "uuid": "502d3c87-ee10-4832-bf2f-81ca062e8cad",
                      "parentUUID": "ae38137e-46b3-4f67-b48a-2160e4257126",
                      "isHook": false,
                      "skipped": false
                    }
                  ],
                  "suites": [],
                  "passes": [
                    "6072757e-e48e-4fe6-9b12-9808bfd16c9f",
                    "91ff3fbd-c8d4-4c11-87a3-5bed2d24ea1d",
                    "812b084b-3aff-4d21-8dc5-09dd2da7ac92",
                    "ed2f68bf-2ed5-4340-86a8-1cfdba9883cc",
                    "72526243-086f-4487-833f-85dba9d31b72",
                    "523b6f35-8bb0-4ad3-8da8-a8e1f2301706",
                    "6f9a6b27-4915-48e5-9421-f9ee380b300d",
                    "7d6d63b6-13ad-4874-99db-31462e537999",
                    "ec54d780-d61b-4082-9566-407b75c6eaab",
                    "7188e68a-d30a-4b12-97f4-5f8f97312b46",
                    "6bb76d6a-eec7-4625-b9ac-84517011e8f7",
                    "bee3f1c0-97ac-4b33-8bcf-43f966954b1c",
                    "63d2bd91-c7ce-42fc-9935-c4e11b9768ce",
                    "5c8ae3b2-6e0c-4cae-889d-aa8de0d07f00",
                    "cbfdd260-1f9c-40b6-85d7-e3424c905def",
                    "5430ef5c-a9d1-47e7-abb5-450106e1c95d",
                    "187f27b0-da01-4cef-bcef-204cd6de9bbc",
                    "2348ba41-4669-4b69-ad77-c6085987177e",
                    "957ebca6-5319-4bfd-81e3-cc2d514b4f0a",
                    "502d3c87-ee10-4832-bf2f-81ca062e8cad"
                  ],
                  "failures": [],
                  "pending": [],
                  "skipped": [],
                  "duration": 12876,
                  "root": false,
                  "rootEmpty": false,
                  "_timeout": 15000
                },
                {
                  "uuid": "726cb96d-2fdd-42bd-aa01-eaead221a120",
                  "title": "Check All Function Buttons",
                  "fullFile": "/Users/uyanik/Desktop/Test Automation Learning/test-automation-learning/Challenge/test/test.js",
                  "file": "/test/test.js",
                  "beforeHooks": [],
                  "afterHooks": [],
                  "tests": [
                    {
                      "title": "should enter 1 to the display",
                      "fullTitle": "Calculator App Sanity Check Check Buttons Check All Function Buttons should enter 1 to the display",
                      "timedOut": false,
                      "duration": 634,
                      "state": "passed",
                      "speed": "slow",
                      "pass": true,
                      "fail": false,
                      "pending": false,
                      "context": null,
                      "code": "button = await driver.$(getButton('one'));\nawait button.click();\nassert.equal(await (await driver.$(getDisplay())).getText(), '1', 'The display should show 1');",
                      "err": {},
                      "uuid": "c8e5f9ba-a830-4b10-8b12-704b3f1ee06c",
                      "parentUUID": "726cb96d-2fdd-42bd-aa01-eaead221a120",
                      "isHook": false,
                      "skipped": false
                    },
                    {
                      "title": "should enter + to the display",
                      "fullTitle": "Calculator App Sanity Check Check Buttons Check All Function Buttons should enter + to the display",
                      "timedOut": false,
                      "duration": 650,
                      "state": "passed",
                      "speed": "slow",
                      "pass": true,
                      "fail": false,
                      "pending": false,
                      "context": null,
                      "code": "button = await driver.$(getButton('add'));\nawait button.click();\n  \nassert.equal(await (await driver.$(getDisplay())).getText(), '1plus', 'The display should show +');",
                      "err": {},
                      "uuid": "13c22c6e-6b4d-4d05-aae8-17ec3eb98fda",
                      "parentUUID": "726cb96d-2fdd-42bd-aa01-eaead221a120",
                      "isHook": false,
                      "skipped": false
                    },
                    {
                      "title": "should enter - to the display",
                      "fullTitle": "Calculator App Sanity Check Check Buttons Check All Function Buttons should enter - to the display",
                      "timedOut": false,
                      "duration": 616,
                      "state": "passed",
                      "speed": "slow",
                      "pass": true,
                      "fail": false,
                      "pending": false,
                      "context": null,
                      "code": "button = await driver.$(getButton('subtract'));\nawait button.click();\n  \nassert.equal(await (await driver.$(getDisplay())).getText(), '1minus', 'The display should show -');",
                      "err": {},
                      "uuid": "37d0d773-302a-45c1-8311-252cba9847ed",
                      "parentUUID": "726cb96d-2fdd-42bd-aa01-eaead221a120",
                      "isHook": false,
                      "skipped": false
                    },
                    {
                      "title": "should enter * to the display",
                      "fullTitle": "Calculator App Sanity Check Check Buttons Check All Function Buttons should enter * to the display",
                      "timedOut": false,
                      "duration": 618,
                      "state": "passed",
                      "speed": "slow",
                      "pass": true,
                      "fail": false,
                      "pending": false,
                      "context": null,
                      "code": "button = await driver.$(getButton('multiply'));\nawait button.click();\n  \nassert.equal(await (await driver.$(getDisplay())).getText(), '1multiplied by', 'The display should show *');",
                      "err": {},
                      "uuid": "e17ad2ad-d8ca-43b0-a305-2b35365ba460",
                      "parentUUID": "726cb96d-2fdd-42bd-aa01-eaead221a120",
                      "isHook": false,
                      "skipped": false
                    },
                    {
                      "title": "should enter / to the display",
                      "fullTitle": "Calculator App Sanity Check Check Buttons Check All Function Buttons should enter / to the display",
                      "timedOut": false,
                      "duration": 627,
                      "state": "passed",
                      "speed": "slow",
                      "pass": true,
                      "fail": false,
                      "pending": false,
                      "context": null,
                      "code": "button = await driver.$(getButton('divide'));\nawait button.click();\n  \nassert.equal(await (await driver.$(getDisplay())).getText(), '1divided by', 'The display should show /');",
                      "err": {},
                      "uuid": "366dcb09-d743-4ae6-873c-a91a131fbb73",
                      "parentUUID": "726cb96d-2fdd-42bd-aa01-eaead221a120",
                      "isHook": false,
                      "skipped": false
                    },
                    {
                      "title": "should enter . to the display",
                      "fullTitle": "Calculator App Sanity Check Check Buttons Check All Function Buttons should enter . to the display",
                      "timedOut": false,
                      "duration": 620,
                      "state": "passed",
                      "speed": "slow",
                      "pass": true,
                      "fail": false,
                      "pending": false,
                      "context": null,
                      "code": "button = await driver.$(getButton('dot'));\nawait button.click();\nlet result = await (await driver.$(getDisplay())).getText();\n// Normalize the result to replace the non-breaking space with a regular space\nlet normalizedResult = result.replace(/\\u00A0/gi, \"\\u0020\");\nassert.equal(normalizedResult, '1divided by point ', 'The display should show 1/.');",
                      "err": {},
                      "uuid": "9b3e70e0-b467-43f3-bcf9-8e0fd0515f9c",
                      "parentUUID": "726cb96d-2fdd-42bd-aa01-eaead221a120",
                      "isHook": false,
                      "skipped": false
                    }
                  ],
                  "suites": [],
                  "passes": [
                    "c8e5f9ba-a830-4b10-8b12-704b3f1ee06c",
                    "13c22c6e-6b4d-4d05-aae8-17ec3eb98fda",
                    "37d0d773-302a-45c1-8311-252cba9847ed",
                    "e17ad2ad-d8ca-43b0-a305-2b35365ba460",
                    "366dcb09-d743-4ae6-873c-a91a131fbb73",
                    "9b3e70e0-b467-43f3-bcf9-8e0fd0515f9c"
                  ],
                  "failures": [],
                  "pending": [],
                  "skipped": [],
                  "duration": 3765,
                  "root": false,
                  "rootEmpty": false,
                  "_timeout": 15000
                }
              ],
              "passes": [],
              "failures": [],
              "pending": [],
              "skipped": [],
              "duration": 0,
              "root": false,
              "rootEmpty": false,
              "_timeout": 15000
            }
          ],
          "passes": [],
          "failures": [],
          "pending": [],
          "skipped": [],
          "duration": 0,
          "root": false,
          "rootEmpty": false,
          "_timeout": 15000
        }
      ],
      "passes": [],
      "failures": [],
      "pending": [],
      "skipped": [],
      "duration": 0,
      "root": true,
      "rootEmpty": true,
      "_timeout": 15000
    }
  ],
  "meta": {
    "mocha": {
      "version": "10.4.0"
    },
    "mochawesome": {
      "options": {
        "quiet": false,
        "reportFilename": "mochawesome",
        "saveHtml": true,
        "saveJson": true,
        "consoleReporter": "spec",
        "useInlineDiffs": false,
        "code": true
      },
      "version": "7.1.3"
    },
    "marge": {
      "options": null,
      "version": "6.2.0"
    }
  }
}